[0.015s] Invoking command in '/home/tristan/pickle_bot_description/build/pickle_bot_description': CMAKE_PREFIX_PATH=/opt/ros/humble /usr/bin/cmake --build /home/tristan/pickle_bot_description/build/pickle_bot_description -- -j8 -l8
[0.061s] Invoked command in '/home/tristan/pickle_bot_description/build/pickle_bot_description' returned '0': CMAKE_PREFIX_PATH=/opt/ros/humble /usr/bin/cmake --build /home/tristan/pickle_bot_description/build/pickle_bot_description -- -j8 -l8
[0.082s] Invoking command in '/home/tristan/pickle_bot_description/build/pickle_bot_description': CMAKE_PREFIX_PATH=/opt/ros/humble /usr/bin/cmake --install /home/tristan/pickle_bot_description/build/pickle_bot_description
[0.087s] -- Install configuration: ""
[0.088s] -- Up-to-date: /home/tristan/pickle_bot_description/install/pickle_bot_description/share/pickle_bot_description/src
[0.088s] -- Up-to-date: /home/tristan/pickle_bot_description/install/pickle_bot_description/share/pickle_bot_description/src/description
[0.088s] -- Up-to-date: /home/tristan/pickle_bot_description/install/pickle_bot_description/share/pickle_bot_description/src/description/pickle_bot_description.urdf
[0.088s] -- Up-to-date: /home/tristan/pickle_bot_description/install/pickle_bot_description/share/pickle_bot_description/launch
[0.088s] -- Up-to-date: /home/tristan/pickle_bot_description/install/pickle_bot_description/share/pickle_bot_description/launch/display.launch.py
[0.088s] -- Up-to-date: /home/tristan/pickle_bot_description/install/pickle_bot_description/share/pickle_bot_description/rviz
[0.088s] -- Up-to-date: /home/tristan/pickle_bot_description/install/pickle_bot_description/share/pickle_bot_description/rviz/urdf_config.rviz
[0.088s] -- Up-to-date: /home/tristan/pickle_bot_description/install/pickle_bot_description/share/pickle_bot_description/config
[0.088s] -- Up-to-date: /home/tristan/pickle_bot_description/install/pickle_bot_description/share/pickle_bot_description/config/ekf.yaml
[0.088s] -- Up-to-date: /home/tristan/pickle_bot_description/install/pickle_bot_description/share/pickle_bot_description/config/nav2_params.yaml
[0.089s] -- Up-to-date: /home/tristan/pickle_bot_description/install/pickle_bot_description/share/pickle_bot_description/world
[0.089s] -- Up-to-date: /home/tristan/pickle_bot_description/install/pickle_bot_description/share/pickle_bot_description/world/my_world.sdf
[0.089s] -- Up-to-date: /home/tristan/pickle_bot_description/install/pickle_bot_description/share/ament_index/resource_index/package_run_dependencies/pickle_bot_description
[0.089s] -- Up-to-date: /home/tristan/pickle_bot_description/install/pickle_bot_description/share/ament_index/resource_index/parent_prefix_path/pickle_bot_description
[0.089s] -- Up-to-date: /home/tristan/pickle_bot_description/install/pickle_bot_description/share/pickle_bot_description/environment/ament_prefix_path.sh
[0.089s] -- Up-to-date: /home/tristan/pickle_bot_description/install/pickle_bot_description/share/pickle_bot_description/environment/ament_prefix_path.dsv
[0.089s] -- Up-to-date: /home/tristan/pickle_bot_description/install/pickle_bot_description/share/pickle_bot_description/environment/path.sh
[0.089s] -- Up-to-date: /home/tristan/pickle_bot_description/install/pickle_bot_description/share/pickle_bot_description/environment/path.dsv
[0.089s] -- Up-to-date: /home/tristan/pickle_bot_description/install/pickle_bot_description/share/pickle_bot_description/local_setup.bash
[0.089s] -- Up-to-date: /home/tristan/pickle_bot_description/install/pickle_bot_description/share/pickle_bot_description/local_setup.sh
[0.090s] -- Up-to-date: /home/tristan/pickle_bot_description/install/pickle_bot_description/share/pickle_bot_description/local_setup.zsh
[0.090s] -- Up-to-date: /home/tristan/pickle_bot_description/install/pickle_bot_description/share/pickle_bot_description/local_setup.dsv
[0.090s] -- Installing: /home/tristan/pickle_bot_description/install/pickle_bot_description/share/pickle_bot_description/package.dsv
[0.090s] -- Up-to-date: /home/tristan/pickle_bot_description/install/pickle_bot_description/share/ament_index/resource_index/packages/pickle_bot_description
[0.090s] -- Up-to-date: /home/tristan/pickle_bot_description/install/pickle_bot_description/share/pickle_bot_description/cmake/pickle_bot_descriptionConfig.cmake
[0.090s] -- Up-to-date: /home/tristan/pickle_bot_description/install/pickle_bot_description/share/pickle_bot_description/cmake/pickle_bot_descriptionConfig-version.cmake
[0.090s] -- Up-to-date: /home/tristan/pickle_bot_description/install/pickle_bot_description/share/pickle_bot_description/package.xml
[0.091s] Invoked command in '/home/tristan/pickle_bot_description/build/pickle_bot_description' returned '0': CMAKE_PREFIX_PATH=/opt/ros/humble /usr/bin/cmake --install /home/tristan/pickle_bot_description/build/pickle_bot_description
