-- Install configuration: ""
-- Up-to-date: /home/tristan/pickle_bot_description/install/pickle_bot_description/share/pickle_bot_description/src
-- Up-to-date: /home/tristan/pickle_bot_description/install/pickle_bot_description/share/pickle_bot_description/src/localization
-- Up-to-date: /home/tristan/pickle_bot_description/install/pickle_bot_description/share/pickle_bot_description/src/description
-- Up-to-date: /home/tristan/pickle_bot_description/install/pickle_bot_description/share/pickle_bot_description/src/description/pickle_bot_description.urdf
-- Up-to-date: /home/tristan/pickle_bot_description/install/pickle_bot_description/share/pickle_bot_description/src/mapping
-- Up-to-date: /home/tristan/pickle_bot_description/install/pickle_bot_description/share/pickle_bot_description/launch
-- Up-to-date: /home/tristan/pickle_bot_description/install/pickle_bot_description/share/pickle_bot_description/launch/display.launch.py
-- Up-to-date: /home/tristan/pickle_bot_description/install/pickle_bot_description/share/pickle_bot_description/rviz
-- Up-to-date: /home/tristan/pickle_bot_description/install/pickle_bot_description/share/pickle_bot_description/rviz/urdf_config.rviz
-- Up-to-date: /home/tristan/pickle_bot_description/install/pickle_bot_description/share/pickle_bot_description/config
-- Up-to-date: /home/tristan/pickle_bot_description/install/pickle_bot_description/share/pickle_bot_description/config/ekf.yaml
-- Up-to-date: /home/tristan/pickle_bot_description/install/pickle_bot_description/share/pickle_bot_description/world
-- Up-to-date: /home/tristan/pickle_bot_description/install/pickle_bot_description/share/pickle_bot_description/world/my_world.sdf
-- Up-to-date: /home/tristan/pickle_bot_description/install/pickle_bot_description/share/ament_index/resource_index/package_run_dependencies/pickle_bot_description
-- Up-to-date: /home/tristan/pickle_bot_description/install/pickle_bot_description/share/ament_index/resource_index/parent_prefix_path/pickle_bot_description
-- Up-to-date: /home/tristan/pickle_bot_description/install/pickle_bot_description/share/pickle_bot_description/environment/ament_prefix_path.sh
-- Up-to-date: /home/tristan/pickle_bot_description/install/pickle_bot_description/share/pickle_bot_description/environment/ament_prefix_path.dsv
-- Up-to-date: /home/tristan/pickle_bot_description/install/pickle_bot_description/share/pickle_bot_description/environment/path.sh
-- Up-to-date: /home/tristan/pickle_bot_description/install/pickle_bot_description/share/pickle_bot_description/environment/path.dsv
-- Up-to-date: /home/tristan/pickle_bot_description/install/pickle_bot_description/share/pickle_bot_description/local_setup.bash
-- Up-to-date: /home/tristan/pickle_bot_description/install/pickle_bot_description/share/pickle_bot_description/local_setup.sh
-- Up-to-date: /home/tristan/pickle_bot_description/install/pickle_bot_description/share/pickle_bot_description/local_setup.zsh
-- Up-to-date: /home/tristan/pickle_bot_description/install/pickle_bot_description/share/pickle_bot_description/local_setup.dsv
-- Installing: /home/tristan/pickle_bot_description/install/pickle_bot_description/share/pickle_bot_description/package.dsv
-- Up-to-date: /home/tristan/pickle_bot_description/install/pickle_bot_description/share/ament_index/resource_index/packages/pickle_bot_description
-- Up-to-date: /home/tristan/pickle_bot_description/install/pickle_bot_description/share/pickle_bot_description/cmake/pickle_bot_descriptionConfig.cmake
-- Up-to-date: /home/tristan/pickle_bot_description/install/pickle_bot_description/share/pickle_bot_description/cmake/pickle_bot_descriptionConfig-version.cmake
-- Up-to-date: /home/tristan/pickle_bot_description/install/pickle_bot_description/share/pickle_bot_description/package.xml
