[0.233s] DEBUG:colcon:Command line arguments: ['/usr/bin/colcon', 'build']
[0.233s] DEBUG:colcon:Parsed command line arguments: Namespace(log_base=None, log_level=None, verb_name='build', build_base='build', install_base='install', merge_install=False, symlink_install=False, test_result_base=None, continue_on_error=False, executor='parallel', parallel_workers=8, event_handlers=None, ignore_user_meta=False, metas=['./colcon.meta'], base_paths=['.'], packages_ignore=None, packages_ignore_regex=None, paths=None, packages_up_to=None, packages_up_to_regex=None, packages_above=None, packages_above_and_dependencies=None, packages_above_depth=None, packages_select_by_dep=None, packages_skip_by_dep=None, packages_skip_up_to=None, packages_select_build_failed=False, packages_skip_build_finished=False, packages_select_test_failures=False, packages_skip_test_passed=False, packages_select=None, packages_skip=None, packages_select_regex=None, packages_skip_regex=None, packages_start=None, packages_end=None, allow_overriding=[], cmake_args=None, cmake_target=None, cmake_target_skip_unavailable=False, cmake_clean_cache=False, cmake_clean_first=False, cmake_force_configure=False, ament_cmake_args=None, catkin_cmake_args=None, catkin_skip_building_tests=False, verb_parser=<colcon_defaults.argument_parser.defaults.DefaultArgumentsDecorator object at 0x7f150f174ee0>, verb_extension=<colcon_core.verb.build.BuildVerb object at 0x7f150fae8250>, main=<bound method BuildVerb.main of <colcon_core.verb.build.BuildVerb object at 0x7f150fae8250>>)
[0.257s] Level 1:colcon.colcon_core.package_discovery:discover_packages(colcon_meta) check parameters
[0.257s] Level 1:colcon.colcon_core.package_discovery:discover_packages(recursive) check parameters
[0.257s] Level 1:colcon.colcon_core.package_discovery:discover_packages(ignore) check parameters
[0.257s] Level 1:colcon.colcon_core.package_discovery:discover_packages(path) check parameters
[0.257s] Level 1:colcon.colcon_core.package_discovery:discover_packages(colcon_meta) discover
[0.257s] Level 1:colcon.colcon_core.package_discovery:discover_packages(recursive) discover
[0.257s] INFO:colcon.colcon_core.package_discovery:Crawling recursively for packages in '/home/tristan/pickle_bot_description'
[0.257s] Level 1:colcon.colcon_core.package_identification:_identify(.) by extensions ['ignore', 'ignore_ament_install']
[0.257s] Level 1:colcon.colcon_core.package_identification:_identify(.) by extension 'ignore'
[0.257s] Level 1:colcon.colcon_core.package_identification:_identify(.) by extension 'ignore_ament_install'
[0.257s] Level 1:colcon.colcon_core.package_identification:_identify(.) by extensions ['colcon_pkg']
[0.258s] Level 1:colcon.colcon_core.package_identification:_identify(.) by extension 'colcon_pkg'
[0.258s] Level 1:colcon.colcon_core.package_identification:_identify(.) by extensions ['colcon_meta']
[0.258s] Level 1:colcon.colcon_core.package_identification:_identify(.) by extension 'colcon_meta'
[0.258s] Level 1:colcon.colcon_core.package_identification:_identify(.) by extensions ['ros']
[0.258s] Level 1:colcon.colcon_core.package_identification:_identify(.) by extension 'ros'
[0.268s] DEBUG:colcon.colcon_core.package_identification:Package '.' with type 'ros.ament_cmake' and name 'pickle_bot_description'
[0.268s] Level 1:colcon.colcon_core.package_discovery:discover_packages(recursive) using defaults
[0.268s] Level 1:colcon.colcon_core.package_discovery:discover_packages(ignore) discover
[0.268s] Level 1:colcon.colcon_core.package_discovery:discover_packages(ignore) using defaults
[0.268s] Level 1:colcon.colcon_core.package_discovery:discover_packages(path) discover
[0.268s] Level 1:colcon.colcon_core.package_discovery:discover_packages(path) using defaults
[0.286s] Level 1:colcon.colcon_core.package_discovery:discover_packages(prefix_path) check parameters
[0.286s] Level 1:colcon.colcon_core.package_discovery:discover_packages(prefix_path) discover
[0.289s] DEBUG:colcon.colcon_installed_package_information.package_discovery:Found 372 installed packages in /opt/ros/humble
[0.290s] Level 1:colcon.colcon_core.package_discovery:discover_packages(prefix_path) using defaults
[0.342s] Level 5:colcon.colcon_core.verb:set package 'pickle_bot_description' build argument 'cmake_args' from command line to 'None'
[0.342s] Level 5:colcon.colcon_core.verb:set package 'pickle_bot_description' build argument 'cmake_target' from command line to 'None'
[0.342s] Level 5:colcon.colcon_core.verb:set package 'pickle_bot_description' build argument 'cmake_target_skip_unavailable' from command line to 'False'
[0.342s] Level 5:colcon.colcon_core.verb:set package 'pickle_bot_description' build argument 'cmake_clean_cache' from command line to 'False'
[0.342s] Level 5:colcon.colcon_core.verb:set package 'pickle_bot_description' build argument 'cmake_clean_first' from command line to 'False'
[0.342s] Level 5:colcon.colcon_core.verb:set package 'pickle_bot_description' build argument 'cmake_force_configure' from command line to 'False'
[0.342s] Level 5:colcon.colcon_core.verb:set package 'pickle_bot_description' build argument 'ament_cmake_args' from command line to 'None'
[0.343s] Level 5:colcon.colcon_core.verb:set package 'pickle_bot_description' build argument 'catkin_cmake_args' from command line to 'None'
[0.343s] Level 5:colcon.colcon_core.verb:set package 'pickle_bot_description' build argument 'catkin_skip_building_tests' from command line to 'False'
[0.343s] DEBUG:colcon.colcon_core.verb:Building package 'pickle_bot_description' with the following arguments: {'ament_cmake_args': None, 'build_base': '/home/tristan/pickle_bot_description/build/pickle_bot_description', 'catkin_cmake_args': None, 'catkin_skip_building_tests': False, 'cmake_args': None, 'cmake_clean_cache': False, 'cmake_clean_first': False, 'cmake_force_configure': False, 'cmake_target': None, 'cmake_target_skip_unavailable': False, 'install_base': '/home/tristan/pickle_bot_description/install/pickle_bot_description', 'merge_install': False, 'path': '/home/tristan/pickle_bot_description', 'symlink_install': False, 'test_result_base': None}
[0.343s] INFO:colcon.colcon_core.executor:Executing jobs using 'parallel' executor
[0.346s] DEBUG:colcon.colcon_parallel_executor.executor.parallel:run_until_complete
[0.347s] INFO:colcon.colcon_ros.task.ament_cmake.build:Building ROS package in '/home/tristan/pickle_bot_description' with build type 'ament_cmake'
[0.347s] INFO:colcon.colcon_cmake.task.cmake.build:Building CMake package in '/home/tristan/pickle_bot_description'
[0.350s] INFO:colcon.colcon_core.plugin_system:Skipping extension 'colcon_core.shell.bat': Not used on non-Windows systems
[0.350s] INFO:colcon.colcon_core.shell:Skip shell extension 'powershell' for command environment: Not usable outside of PowerShell
[0.351s] DEBUG:colcon.colcon_core.shell:Skip shell extension 'dsv' for command environment
[0.359s] DEBUG:colcon.colcon_core.event_handler.log_command:Invoking command in '/home/tristan/pickle_bot_description/build/pickle_bot_description': CMAKE_PREFIX_PATH=/opt/ros/humble /usr/bin/cmake --build /home/tristan/pickle_bot_description/build/pickle_bot_description -- -j8 -l8
[0.388s] DEBUG:colcon.colcon_core.event_handler.log_command:Invoked command in '/home/tristan/pickle_bot_description/build/pickle_bot_description' returned '0': CMAKE_PREFIX_PATH=/opt/ros/humble /usr/bin/cmake --build /home/tristan/pickle_bot_description/build/pickle_bot_description -- -j8 -l8
[0.411s] DEBUG:colcon.colcon_core.event_handler.log_command:Invoking command in '/home/tristan/pickle_bot_description/build/pickle_bot_description': CMAKE_PREFIX_PATH=/opt/ros/humble /usr/bin/cmake --install /home/tristan/pickle_bot_description/build/pickle_bot_description
[0.419s] Level 1:colcon.colcon_core.environment:create_environment_scripts_only(pickle_bot_description)
[0.419s] DEBUG:colcon.colcon_core.event_handler.log_command:Invoked command in '/home/tristan/pickle_bot_description/build/pickle_bot_description' returned '0': CMAKE_PREFIX_PATH=/opt/ros/humble /usr/bin/cmake --install /home/tristan/pickle_bot_description/build/pickle_bot_description
[0.422s] Level 1:colcon.colcon_core.environment:checking '/home/tristan/pickle_bot_description/install/pickle_bot_description' for CMake module files
[0.423s] Level 1:colcon.colcon_core.environment:checking '/home/tristan/pickle_bot_description/install/pickle_bot_description' for CMake config files
[0.423s] Level 1:colcon.colcon_core.shell:create_environment_hook('pickle_bot_description', 'cmake_prefix_path')
[0.424s] INFO:colcon.colcon_core.shell:Creating environment hook '/home/tristan/pickle_bot_description/install/pickle_bot_description/share/pickle_bot_description/hook/cmake_prefix_path.ps1'
[0.424s] INFO:colcon.colcon_core.shell:Creating environment descriptor '/home/tristan/pickle_bot_description/install/pickle_bot_description/share/pickle_bot_description/hook/cmake_prefix_path.dsv'
[0.425s] INFO:colcon.colcon_core.shell:Creating environment hook '/home/tristan/pickle_bot_description/install/pickle_bot_description/share/pickle_bot_description/hook/cmake_prefix_path.sh'
[0.425s] Level 1:colcon.colcon_core.environment:checking '/home/tristan/pickle_bot_description/install/pickle_bot_description/bin'
[0.425s] Level 1:colcon.colcon_core.environment:checking '/home/tristan/pickle_bot_description/install/pickle_bot_description/lib/pkgconfig/pickle_bot_description.pc'
[0.425s] Level 1:colcon.colcon_core.environment:checking '/home/tristan/pickle_bot_description/install/pickle_bot_description/lib/python3.10/site-packages'
[0.426s] Level 1:colcon.colcon_core.environment:checking '/home/tristan/pickle_bot_description/install/pickle_bot_description/bin'
[0.426s] INFO:colcon.colcon_core.shell:Creating package script '/home/tristan/pickle_bot_description/install/pickle_bot_description/share/pickle_bot_description/package.ps1'
[0.427s] INFO:colcon.colcon_core.shell:Creating package descriptor '/home/tristan/pickle_bot_description/install/pickle_bot_description/share/pickle_bot_description/package.dsv'
[0.427s] INFO:colcon.colcon_core.shell:Creating package script '/home/tristan/pickle_bot_description/install/pickle_bot_description/share/pickle_bot_description/package.sh'
[0.428s] INFO:colcon.colcon_core.shell:Creating package script '/home/tristan/pickle_bot_description/install/pickle_bot_description/share/pickle_bot_description/package.bash'
[0.428s] INFO:colcon.colcon_core.shell:Creating package script '/home/tristan/pickle_bot_description/install/pickle_bot_description/share/pickle_bot_description/package.zsh'
[0.429s] Level 1:colcon.colcon_core.environment:create_file_with_runtime_dependencies(/home/tristan/pickle_bot_description/install/pickle_bot_description/share/colcon-core/packages/pickle_bot_description)
[0.444s] Level 1:colcon.colcon_core.environment:create_environment_scripts_only(pickle_bot_description)
[0.446s] Level 1:colcon.colcon_core.environment:checking '/home/tristan/pickle_bot_description/install/pickle_bot_description' for CMake module files
[0.446s] Level 1:colcon.colcon_core.environment:checking '/home/tristan/pickle_bot_description/install/pickle_bot_description' for CMake config files
[0.446s] Level 1:colcon.colcon_core.shell:create_environment_hook('pickle_bot_description', 'cmake_prefix_path')
[0.447s] INFO:colcon.colcon_core.shell:Creating environment hook '/home/tristan/pickle_bot_description/install/pickle_bot_description/share/pickle_bot_description/hook/cmake_prefix_path.ps1'
[0.448s] INFO:colcon.colcon_core.shell:Creating environment descriptor '/home/tristan/pickle_bot_description/install/pickle_bot_description/share/pickle_bot_description/hook/cmake_prefix_path.dsv'
[0.448s] INFO:colcon.colcon_core.shell:Creating environment hook '/home/tristan/pickle_bot_description/install/pickle_bot_description/share/pickle_bot_description/hook/cmake_prefix_path.sh'
[0.448s] Level 1:colcon.colcon_core.environment:checking '/home/tristan/pickle_bot_description/install/pickle_bot_description/bin'
[0.448s] Level 1:colcon.colcon_core.environment:checking '/home/tristan/pickle_bot_description/install/pickle_bot_description/lib/pkgconfig/pickle_bot_description.pc'
[0.449s] Level 1:colcon.colcon_core.environment:checking '/home/tristan/pickle_bot_description/install/pickle_bot_description/lib/python3.10/site-packages'
[0.449s] Level 1:colcon.colcon_core.environment:checking '/home/tristan/pickle_bot_description/install/pickle_bot_description/bin'
[0.450s] INFO:colcon.colcon_core.shell:Creating package script '/home/tristan/pickle_bot_description/install/pickle_bot_description/share/pickle_bot_description/package.ps1'
[0.450s] INFO:colcon.colcon_core.shell:Creating package descriptor '/home/tristan/pickle_bot_description/install/pickle_bot_description/share/pickle_bot_description/package.dsv'
[0.451s] INFO:colcon.colcon_core.shell:Creating package script '/home/tristan/pickle_bot_description/install/pickle_bot_description/share/pickle_bot_description/package.sh'
[0.451s] INFO:colcon.colcon_core.shell:Creating package script '/home/tristan/pickle_bot_description/install/pickle_bot_description/share/pickle_bot_description/package.bash'
[0.451s] INFO:colcon.colcon_core.shell:Creating package script '/home/tristan/pickle_bot_description/install/pickle_bot_description/share/pickle_bot_description/package.zsh'
[0.452s] Level 1:colcon.colcon_core.environment:create_file_with_runtime_dependencies(/home/tristan/pickle_bot_description/install/pickle_bot_description/share/colcon-core/packages/pickle_bot_description)
[0.452s] DEBUG:colcon.colcon_parallel_executor.executor.parallel:closing loop
[0.452s] DEBUG:colcon.colcon_parallel_executor.executor.parallel:loop closed
[0.452s] DEBUG:colcon.colcon_parallel_executor.executor.parallel:run_until_complete finished with '0'
[0.452s] DEBUG:colcon.colcon_core.event_reactor:joining thread
[0.457s] INFO:colcon.colcon_core.plugin_system:Skipping extension 'colcon_notification.desktop_notification.terminal_notifier': Not used on non-Darwin systems
[0.457s] INFO:colcon.colcon_core.plugin_system:Skipping extension 'colcon_notification.desktop_notification.win32': Not used on non-Windows systems
[0.458s] INFO:colcon.colcon_notification.desktop_notification:Sending desktop notification using 'notify2'
[0.467s] DEBUG:colcon.colcon_core.event_reactor:joined thread
[0.468s] INFO:colcon.colcon_core.shell:Creating prefix script '/home/tristan/pickle_bot_description/install/local_setup.ps1'
[0.469s] INFO:colcon.colcon_core.shell:Creating prefix util module '/home/tristan/pickle_bot_description/install/_local_setup_util_ps1.py'
[0.470s] INFO:colcon.colcon_core.shell:Creating prefix chain script '/home/tristan/pickle_bot_description/install/setup.ps1'
[0.471s] INFO:colcon.colcon_core.shell:Creating prefix script '/home/tristan/pickle_bot_description/install/local_setup.sh'
[0.471s] INFO:colcon.colcon_core.shell:Creating prefix util module '/home/tristan/pickle_bot_description/install/_local_setup_util_sh.py'
[0.471s] INFO:colcon.colcon_core.shell:Creating prefix chain script '/home/tristan/pickle_bot_description/install/setup.sh'
[0.472s] INFO:colcon.colcon_core.shell:Creating prefix script '/home/tristan/pickle_bot_description/install/local_setup.bash'
[0.472s] INFO:colcon.colcon_core.shell:Creating prefix chain script '/home/tristan/pickle_bot_description/install/setup.bash'
[0.473s] INFO:colcon.colcon_core.shell:Creating prefix script '/home/tristan/pickle_bot_description/install/local_setup.zsh'
[0.474s] INFO:colcon.colcon_core.shell:Creating prefix chain script '/home/tristan/pickle_bot_description/install/setup.zsh'
