[0.010s] Invoking command in '/home/tristan/pickle_bot_description/build/pickle_bot_description': CMAKE_PREFIX_PATH=/opt/ros/humble /usr/bin/cmake /home/tristan/pickle_bot_description -DCMAKE_INSTALL_PREFIX=/home/tristan/pickle_bot_description/install/pickle_bot_description
[0.061s] -- The C compiler identification is GNU 11.3.0
[0.103s] -- The CXX compiler identification is GNU 11.3.0
[0.108s] -- Detecting C compiler ABI info
[0.158s] -- Detecting C compiler ABI info - done
[0.164s] -- Check for working C compiler: /usr/bin/cc - skipped
[0.164s] -- Detecting C compile features
[0.164s] -- Detecting C compile features - done
[0.167s] -- Detecting CXX compiler ABI info
[0.225s] -- Detecting CXX compiler ABI info - done
[0.231s] -- Check for working CXX compiler: /usr/bin/c++ - skipped
[0.231s] -- Detecting CXX compile features
[0.232s] -- Detecting CXX compile features - done
[0.233s] -- Found ament_cmake: 1.3.2 (/opt/ros/humble/share/ament_cmake/cmake)
[0.368s] -- Found Python3: /usr/bin/python3.10 (found version "3.10.6") found components: Interpreter 
[0.447s] -- Found ament_lint_auto: 0.12.4 (/opt/ros/humble/share/ament_lint_auto/cmake)
[0.511s] -- Added test 'cppcheck' to perform static code analysis on C / C++ code
[0.511s] -- Configured cppcheck include dirs: 
[0.511s] -- Configured cppcheck exclude dirs and/or files: 
[0.511s] -- Added test 'flake8' to check Python code syntax and style conventions
[0.512s] -- Added test 'lint_cmake' to check CMake code style
[0.512s] -- Added test 'pep257' to check Python code against some of the docstring style conventions in PEP 257
[0.515s] -- Added test 'uncrustify' to check C / C++ code style
[0.515s] -- Configured uncrustify additional arguments: 
[0.515s] -- Added test 'xmllint' to check XML markup files
[0.516s] -- Configuring done
[0.518s] -- Generating done
[0.519s] -- Build files have been written to: /home/tristan/pickle_bot_description/build/pickle_bot_description
[0.523s] Invoked command in '/home/tristan/pickle_bot_description/build/pickle_bot_description' returned '0': CMAKE_PREFIX_PATH=/opt/ros/humble /usr/bin/cmake /home/tristan/pickle_bot_description -DCMAKE_INSTALL_PREFIX=/home/tristan/pickle_bot_description/install/pickle_bot_description
[0.524s] Invoking command in '/home/tristan/pickle_bot_description/build/pickle_bot_description': CMAKE_PREFIX_PATH=/opt/ros/humble /usr/bin/cmake --build /home/tristan/pickle_bot_description/build/pickle_bot_description -- -j8 -l8
[0.552s] Invoked command in '/home/tristan/pickle_bot_description/build/pickle_bot_description' returned '0': CMAKE_PREFIX_PATH=/opt/ros/humble /usr/bin/cmake --build /home/tristan/pickle_bot_description/build/pickle_bot_description -- -j8 -l8
[0.573s] Invoking command in '/home/tristan/pickle_bot_description/build/pickle_bot_description': CMAKE_PREFIX_PATH=/opt/ros/humble /usr/bin/cmake --install /home/tristan/pickle_bot_description/build/pickle_bot_description
[0.578s] -- Install configuration: ""
[0.578s] -- Installing: /home/tristan/pickle_bot_description/install/pickle_bot_description/share/pickle_bot_description/src
[0.578s] -- Installing: /home/tristan/pickle_bot_description/install/pickle_bot_description/share/pickle_bot_description/src/description
[0.578s] -- Installing: /home/tristan/pickle_bot_description/install/pickle_bot_description/share/pickle_bot_description/src/description/pickle_bot_description.urdf
[0.578s] -- Installing: /home/tristan/pickle_bot_description/install/pickle_bot_description/share/pickle_bot_description/launch
[0.578s] -- Installing: /home/tristan/pickle_bot_description/install/pickle_bot_description/share/pickle_bot_description/launch/display.launch.py
[0.579s] -- Installing: /home/tristan/pickle_bot_description/install/pickle_bot_description/share/pickle_bot_description/rviz
[0.579s] -- Installing: /home/tristan/pickle_bot_description/install/pickle_bot_description/share/pickle_bot_description/rviz/urdf_config.rviz
[0.579s] -- Installing: /home/tristan/pickle_bot_description/install/pickle_bot_description/share/ament_index/resource_index/package_run_dependencies/pickle_bot_description
[0.579s] -- Installing: /home/tristan/pickle_bot_description/install/pickle_bot_description/share/ament_index/resource_index/parent_prefix_path/pickle_bot_description
[0.579s] -- Installing: /home/tristan/pickle_bot_description/install/pickle_bot_description/share/pickle_bot_description/environment/ament_prefix_path.sh
[0.579s] -- Installing: /home/tristan/pickle_bot_description/install/pickle_bot_description/share/pickle_bot_description/environment/ament_prefix_path.dsv
[0.579s] -- Installing: /home/tristan/pickle_bot_description/install/pickle_bot_description/share/pickle_bot_description/environment/path.sh
[0.579s] -- Installing: /home/tristan/pickle_bot_description/install/pickle_bot_description/share/pickle_bot_description/environment/path.dsv
[0.579s] -- Installing: /home/tristan/pickle_bot_description/install/pickle_bot_description/share/pickle_bot_description/local_setup.bash
[0.579s] -- Installing: /home/tristan/pickle_bot_description/install/pickle_bot_description/share/pickle_bot_description/local_setup.sh
[0.579s] -- Installing: /home/tristan/pickle_bot_description/install/pickle_bot_description/share/pickle_bot_description/local_setup.zsh
[0.579s] -- Installing: /home/tristan/pickle_bot_description/install/pickle_bot_description/share/pickle_bot_description/local_setup.dsv
[0.579s] -- Installing: /home/tristan/pickle_bot_description/install/pickle_bot_description/share/pickle_bot_description/package.dsv
[0.579s] -- Installing: /home/tristan/pickle_bot_description/install/pickle_bot_description/share/ament_index/resource_index/packages/pickle_bot_description
[0.579s] -- Installing: /home/tristan/pickle_bot_description/install/pickle_bot_description/share/pickle_bot_description/cmake/pickle_bot_descriptionConfig.cmake
[0.579s] -- Installing: /home/tristan/pickle_bot_description/install/pickle_bot_description/share/pickle_bot_description/cmake/pickle_bot_descriptionConfig-version.cmake
[0.579s] -- Installing: /home/tristan/pickle_bot_description/install/pickle_bot_description/share/pickle_bot_description/package.xml
[0.581s] Invoked command in '/home/tristan/pickle_bot_description/build/pickle_bot_description' returned '0': CMAKE_PREFIX_PATH=/opt/ros/humble /usr/bin/cmake --install /home/tristan/pickle_bot_description/build/pickle_bot_description
