[0.010s] Invoking command in '/home/tristan/pickle_bot_description/build/pickle_bot_description': CMAKE_PREFIX_PATH=/opt/ros/humble /usr/bin/cmake --build /home/tristan/pickle_bot_description/build/pickle_bot_description -- -j8 -l8
[0.025s] -- Found ament_cmake: 1.3.2 (/opt/ros/humble/share/ament_cmake/cmake)
[0.135s] -- Found ament_lint_auto: 0.12.4 (/opt/ros/humble/share/ament_lint_auto/cmake)
[0.190s] -- Added test 'cppcheck' to perform static code analysis on C / C++ code
[0.190s] -- Configured cppcheck include dirs: 
[0.190s] -- Configured cppcheck exclude dirs and/or files: 
[0.191s] -- Added test 'flake8' to check Python code syntax and style conventions
[0.192s] -- Added test 'lint_cmake' to check CMake code style
[0.193s] -- Added test 'pep257' to check Python code against some of the docstring style conventions in PEP 257
[0.197s] -- Added test 'uncrustify' to check C / C++ code style
[0.197s] -- Configured uncrustify additional arguments: 
[0.198s] -- Added test 'xmllint' to check XML markup files
[0.199s] -- Configuring done
[0.202s] -- Generating done
[0.203s] -- Build files have been written to: /home/tristan/pickle_bot_description/build/pickle_bot_description
[0.217s] Invoked command in '/home/tristan/pickle_bot_description/build/pickle_bot_description' returned '0': CMAKE_PREFIX_PATH=/opt/ros/humble /usr/bin/cmake --build /home/tristan/pickle_bot_description/build/pickle_bot_description -- -j8 -l8
[0.243s] Invoking command in '/home/tristan/pickle_bot_description/build/pickle_bot_description': CMAKE_PREFIX_PATH=/opt/ros/humble /usr/bin/cmake --install /home/tristan/pickle_bot_description/build/pickle_bot_description
[0.248s] -- Install configuration: ""
[0.248s] -- Up-to-date: /home/tristan/pickle_bot_description/install/pickle_bot_description/share/pickle_bot_description/src
[0.248s] -- Up-to-date: /home/tristan/pickle_bot_description/install/pickle_bot_description/share/pickle_bot_description/src/description
[0.248s] -- Installing: /home/tristan/pickle_bot_description/install/pickle_bot_description/share/pickle_bot_description/src/description/pickle_bot_description.urdf
[0.248s] -- Up-to-date: /home/tristan/pickle_bot_description/install/pickle_bot_description/share/pickle_bot_description/launch
[0.248s] -- Installing: /home/tristan/pickle_bot_description/install/pickle_bot_description/share/pickle_bot_description/launch/display.launch.py
[0.248s] -- Up-to-date: /home/tristan/pickle_bot_description/install/pickle_bot_description/share/pickle_bot_description/rviz
[0.248s] -- Installing: /home/tristan/pickle_bot_description/install/pickle_bot_description/share/pickle_bot_description/rviz/urdf_config.rviz
[0.248s] -- Installing: /home/tristan/pickle_bot_description/install/pickle_bot_description/share/ament_index/resource_index/package_run_dependencies/pickle_bot_description
[0.248s] -- Up-to-date: /home/tristan/pickle_bot_description/install/pickle_bot_description/share/ament_index/resource_index/parent_prefix_path/pickle_bot_description
[0.248s] -- Up-to-date: /home/tristan/pickle_bot_description/install/pickle_bot_description/share/pickle_bot_description/environment/ament_prefix_path.sh
[0.248s] -- Installing: /home/tristan/pickle_bot_description/install/pickle_bot_description/share/pickle_bot_description/environment/ament_prefix_path.dsv
[0.248s] -- Up-to-date: /home/tristan/pickle_bot_description/install/pickle_bot_description/share/pickle_bot_description/environment/path.sh
[0.248s] -- Installing: /home/tristan/pickle_bot_description/install/pickle_bot_description/share/pickle_bot_description/environment/path.dsv
[0.249s] -- Up-to-date: /home/tristan/pickle_bot_description/install/pickle_bot_description/share/pickle_bot_description/local_setup.bash
[0.249s] -- Up-to-date: /home/tristan/pickle_bot_description/install/pickle_bot_description/share/pickle_bot_description/local_setup.sh
[0.249s] -- Up-to-date: /home/tristan/pickle_bot_description/install/pickle_bot_description/share/pickle_bot_description/local_setup.zsh
[0.249s] -- Installing: /home/tristan/pickle_bot_description/install/pickle_bot_description/share/pickle_bot_description/local_setup.dsv
[0.249s] -- Installing: /home/tristan/pickle_bot_description/install/pickle_bot_description/share/pickle_bot_description/package.dsv
[0.249s] -- Up-to-date: /home/tristan/pickle_bot_description/install/pickle_bot_description/share/ament_index/resource_index/packages/pickle_bot_description
[0.249s] -- Up-to-date: /home/tristan/pickle_bot_description/install/pickle_bot_description/share/pickle_bot_description/cmake/pickle_bot_descriptionConfig.cmake
[0.249s] -- Up-to-date: /home/tristan/pickle_bot_description/install/pickle_bot_description/share/pickle_bot_description/cmake/pickle_bot_descriptionConfig-version.cmake
[0.249s] -- Installing: /home/tristan/pickle_bot_description/install/pickle_bot_description/share/pickle_bot_description/package.xml
[0.250s] Invoked command in '/home/tristan/pickle_bot_description/build/pickle_bot_description' returned '0': CMAKE_PREFIX_PATH=/opt/ros/humble /usr/bin/cmake --install /home/tristan/pickle_bot_description/build/pickle_bot_description
